[1128/113140.627:ERROR:directory_reader_win.cc(43)] FindFirstFile: The system cannot find the path specified. (0x3)
[1130/105058.575:ERROR:directory_reader_win.cc(43)] FindFirstFile: The system cannot find the path specified. (0x3)
[1130/105058.606:ERROR:filesystem_win.cc(129)] GetFileAttributes C:\Users\user\AppData\Local\Google\Chrome\User Data\Crashpad\attachments\89b2857f-2fad-4bc2-bab1-a4f9f2a3c8c6: The system cannot find the path specified. (0x3)
[1130/122833.190:ERROR:directory_reader_win.cc(43)] FindFirstFile: The system cannot find the path specified. (0x3)
[1201/065217.791:ERROR:directory_reader_win.cc(43)] FindFirstFile: The system cannot find the path specified. (0x3)
[1203/100048.823:ERROR:directory_reader_win.cc(43)] FindFirstFile: The system cannot find the path specified. (0x3)
[1203/192728.112:ERROR:directory_reader_win.cc(43)] FindFirstFile: The system cannot find the path specified. (0x3)
[1204/191036.999:ERROR:directory_reader_win.cc(43)] FindFirstFile: The system cannot find the path specified. (0x3)
[1205/110719.508:ERROR:directory_reader_win.cc(43)] FindFirstFile: The system cannot find the path specified. (0x3)
[1207/092411.567:ERROR:directory_reader_win.cc(43)] FindFirstFile: The system cannot find the path specified. (0x3)
[1208/121430.676:ERROR:directory_reader_win.cc(43)] FindFirstFile: The system cannot find the path specified. (0x3)
[1209/121420.434:ERROR:directory_reader_win.cc(43)] FindFirstFile: The system cannot find the path specified. (0x3)
[1209/121420.624:ERROR:filesystem_win.cc(129)] GetFileAttributes C:\Users\user\AppData\Local\Google\Chrome\User Data\Crashpad\attachments\058e3c6d-9459-4c57-a681-d7e7559934d9: The system cannot find the path specified. (0x3)
[1209/121420.651:ERROR:filesystem_win.cc(129)] GetFileAttributes C:\Users\user\AppData\Local\Google\Chrome\User Data\Crashpad\attachments\cc9768c9-73d8-4271-97de-9fb987f68da8: The system cannot find the path specified. (0x3)
[1209/121420.708:ERROR:filesystem_win.cc(129)] GetFileAttributes C:\Users\user\AppData\Local\Google\Chrome\User Data\Crashpad\attachments\23baec0a-f951-4c14-8b49-2b8b70acdbc0: The system cannot find the path specified. (0x3)
[1209/121420.799:ERROR:filesystem_win.cc(129)] GetFileAttributes C:\Users\user\AppData\Local\Google\Chrome\User Data\Crashpad\attachments\e64b5eb8-e906-4621-9560-87e161925df1: The system cannot find the path specified. (0x3)
[1209/121420.815:ERROR:filesystem_win.cc(129)] GetFileAttributes C:\Users\user\AppData\Local\Google\Chrome\User Data\Crashpad\attachments\7a1e668d-0aab-49c3-ac63-d87c46a5e64d: The system cannot find the path specified. (0x3)
[1209/121420.832:ERROR:filesystem_win.cc(129)] GetFileAttributes C:\Users\user\AppData\Local\Google\Chrome\User Data\Crashpad\attachments\15c98b2c-570b-4168-a651-d56f06b3322f: The system cannot find the path specified. (0x3)
[1209/121420.844:ERROR:filesystem_win.cc(129)] GetFileAttributes C:\Users\user\AppData\Local\Google\Chrome\User Data\Crashpad\attachments\844a712d-c040-41e6-968e-13f47481b18c: The system cannot find the path specified. (0x3)
[1209/121420.867:ERROR:filesystem_win.cc(129)] GetFileAttributes C:\Users\user\AppData\Local\Google\Chrome\User Data\Crashpad\attachments\ffe7402c-73eb-4e28-a634-7a0cf5e4f025: The system cannot find the path specified. (0x3)
[1209/121420.880:ERROR:filesystem_win.cc(129)] GetFileAttributes C:\Users\user\AppData\Local\Google\Chrome\User Data\Crashpad\attachments\fb2cc4f5-1936-4cf7-af21-f931a562900f: The system cannot find the path specified. (0x3)
[1209/121420.891:ERROR:filesystem_win.cc(129)] GetFileAttributes C:\Users\user\AppData\Local\Google\Chrome\User Data\Crashpad\attachments\40b1360a-0d47-40bc-a8f1-db089dcf433e: The system cannot find the path specified. (0x3)
[1209/121420.903:ERROR:filesystem_win.cc(129)] GetFileAttributes C:\Users\user\AppData\Local\Google\Chrome\User Data\Crashpad\attachments\79dfdad2-bc96-47fa-a7ec-f093361234c4: The system cannot find the path specified. (0x3)
[1209/121420.919:ERROR:filesystem_win.cc(129)] GetFileAttributes C:\Users\user\AppData\Local\Google\Chrome\User Data\Crashpad\attachments\fc18c0ad-24de-4e88-9eeb-42c0f0aa879c: The system cannot find the path specified. (0x3)
[1209/121420.931:ERROR:filesystem_win.cc(129)] GetFileAttributes C:\Users\user\AppData\Local\Google\Chrome\User Data\Crashpad\attachments\b5bc201a-e52c-499e-8954-7822b644444f: The system cannot find the path specified. (0x3)
[1209/121420.943:ERROR:filesystem_win.cc(129)] GetFileAttributes C:\Users\user\AppData\Local\Google\Chrome\User Data\Crashpad\attachments\22e9fd61-f4ba-46f5-ae1d-a9e139bea8db: The system cannot find the path specified. (0x3)
[1209/121420.957:ERROR:filesystem_win.cc(129)] GetFileAttributes C:\Users\user\AppData\Local\Google\Chrome\User Data\Crashpad\attachments\7866bd08-5180-4d0d-a4c6-f54745cef70a: The system cannot find the path specified. (0x3)
[1209/121420.967:ERROR:filesystem_win.cc(129)] GetFileAttributes C:\Users\user\AppData\Local\Google\Chrome\User Data\Crashpad\attachments\7756e52f-134d-460f-9501-b53d163e8f9c: The system cannot find the path specified. (0x3)
[1209/121420.979:ERROR:filesystem_win.cc(129)] GetFileAttributes C:\Users\user\AppData\Local\Google\Chrome\User Data\Crashpad\attachments\ad4cea4c-6837-42fb-be3f-84bbd9c0a081: The system cannot find the path specified. (0x3)
[1209/121420.994:ERROR:filesystem_win.cc(129)] GetFileAttributes C:\Users\user\AppData\Local\Google\Chrome\User Data\Crashpad\attachments\3dccda16-d00a-41a7-bbcb-63acc86d287d: The system cannot find the path specified. (0x3)
[1209/121421.005:ERROR:filesystem_win.cc(129)] GetFileAttributes C:\Users\user\AppData\Local\Google\Chrome\User Data\Crashpad\attachments\b29d95d9-3023-4a50-a435-eebe0e511ae2: The system cannot find the path specified. (0x3)
[1209/121421.017:ERROR:filesystem_win.cc(129)] GetFileAttributes C:\Users\user\AppData\Local\Google\Chrome\User Data\Crashpad\attachments\b2f951ae-ebcc-4884-b0f3-e05c173025d4: The system cannot find the path specified. (0x3)
[1209/121421.029:ERROR:filesystem_win.cc(129)] GetFileAttributes C:\Users\user\AppData\Local\Google\Chrome\User Data\Crashpad\attachments\dfcd0661-e73c-411f-84af-b2f9af7ecbed: The system cannot find the path specified. (0x3)
[1209/121421.051:ERROR:filesystem_win.cc(129)] GetFileAttributes C:\Users\user\AppData\Local\Google\Chrome\User Data\Crashpad\attachments\6dfa1e37-9403-43a0-8baf-83ff0c066fa8: The system cannot find the path specified. (0x3)
[1209/121421.066:ERROR:filesystem_win.cc(129)] GetFileAttributes C:\Users\user\AppData\Local\Google\Chrome\User Data\Crashpad\attachments\20076e53-2218-426d-b9dc-d2d11662dd3d: The system cannot find the path specified. (0x3)
[1209/121421.078:ERROR:filesystem_win.cc(129)] GetFileAttributes C:\Users\user\AppData\Local\Google\Chrome\User Data\Crashpad\attachments\6cd3f497-1257-49af-bd0d-b0b9c90070c0: The system cannot find the path specified. (0x3)
[1209/121421.123:ERROR:filesystem_win.cc(129)] GetFileAttributes C:\Users\user\AppData\Local\Google\Chrome\User Data\Crashpad\attachments\75507b5a-7132-4c05-9d4f-845dfab64a9b: The system cannot find the path specified. (0x3)
[1209/121421.136:ERROR:filesystem_win.cc(129)] GetFileAttributes C:\Users\user\AppData\Local\Google\Chrome\User Data\Crashpad\attachments\24fbd498-5946-4d56-887e-3312e6d0f6de: The system cannot find the path specified. (0x3)
[1209/121421.149:ERROR:filesystem_win.cc(129)] GetFileAttributes C:\Users\user\AppData\Local\Google\Chrome\User Data\Crashpad\attachments\2dff4e08-2776-4e71-9403-6f8b7a995b0f: The system cannot find the path specified. (0x3)
[1209/121421.159:ERROR:filesystem_win.cc(129)] GetFileAttributes C:\Users\user\AppData\Local\Google\Chrome\User Data\Crashpad\attachments\8ddb0f7b-caca-4c63-b569-8ca46e8cc3fc: The system cannot find the path specified. (0x3)
[1209/121421.173:ERROR:filesystem_win.cc(129)] GetFileAttributes C:\Users\user\AppData\Local\Google\Chrome\User Data\Crashpad\attachments\c696d488-eea4-444a-bc28-40872643feea: The system cannot find the path specified. (0x3)
[1209/121421.183:ERROR:filesystem_win.cc(129)] GetFileAttributes C:\Users\user\AppData\Local\Google\Chrome\User Data\Crashpad\attachments\939695d2-f347-4efe-a276-3e162d54a410: The system cannot find the path specified. (0x3)
[1209/121421.193:ERROR:filesystem_win.cc(129)] GetFileAttributes C:\Users\user\AppData\Local\Google\Chrome\User Data\Crashpad\attachments\935b5664-b06d-4f40-aa0c-8cb38a6e92c9: The system cannot find the path specified. (0x3)
[1209/121421.203:ERROR:filesystem_win.cc(129)] GetFileAttributes C:\Users\user\AppData\Local\Google\Chrome\User Data\Crashpad\attachments\5ecb2ae9-d993-424f-b2a1-97529b8795c7: The system cannot find the path specified. (0x3)
[1209/121421.227:ERROR:filesystem_win.cc(129)] GetFileAttributes C:\Users\user\AppData\Local\Google\Chrome\User Data\Crashpad\attachments\ba3732c7-b2ab-48c6-a693-ea71630cfda5: The system cannot find the path specified. (0x3)
[1209/121421.246:ERROR:filesystem_win.cc(129)] GetFileAttributes C:\Users\user\AppData\Local\Google\Chrome\User Data\Crashpad\attachments\30b84952-0185-4eb7-8ea7-276fc0470e20: The system cannot find the path specified. (0x3)
[1209/121421.288:ERROR:filesystem_win.cc(129)] GetFileAttributes C:\Users\user\AppData\Local\Google\Chrome\User Data\Crashpad\attachments\f308b6e8-5d93-44da-b4de-0eedd1f09aac: The system cannot find the path specified. (0x3)
[1209/121421.474:ERROR:filesystem_win.cc(129)] GetFileAttributes C:\Users\user\AppData\Local\Google\Chrome\User Data\Crashpad\attachments\0c285ec6-66d0-402d-9fc4-e9953114628c: The system cannot find the path specified. (0x3)
[1209/121421.598:ERROR:filesystem_win.cc(129)] GetFileAttributes C:\Users\user\AppData\Local\Google\Chrome\User Data\Crashpad\attachments\b02b56bd-201d-4ccd-8e57-14336c8ed1a4: The system cannot find the path specified. (0x3)
[1209/121421.725:ERROR:filesystem_win.cc(129)] GetFileAttributes C:\Users\user\AppData\Local\Google\Chrome\User Data\Crashpad\attachments\4f7e37f0-c906-445f-b401-b5da82e1a914: The system cannot find the path specified. (0x3)
[1209/121421.739:ERROR:filesystem_win.cc(129)] GetFileAttributes C:\Users\user\AppData\Local\Google\Chrome\User Data\Crashpad\attachments\0ef0919b-46b6-4715-807f-ed1082299754: The system cannot find the path specified. (0x3)
[1209/121421.752:ERROR:filesystem_win.cc(129)] GetFileAttributes C:\Users\user\AppData\Local\Google\Chrome\User Data\Crashpad\attachments\6a8d6cd7-85b9-4ad0-83b4-caffcf2f0e0c: The system cannot find the path specified. (0x3)
[1209/121421.780:ERROR:filesystem_win.cc(129)] GetFileAttributes C:\Users\user\AppData\Local\Google\Chrome\User Data\Crashpad\attachments\cf8fabed-b0e6-44fc-8552-961f2d872edb: The system cannot find the path specified. (0x3)
[1209/121421.791:ERROR:filesystem_win.cc(129)] GetFileAttributes C:\Users\user\AppData\Local\Google\Chrome\User Data\Crashpad\attachments\84536799-d063-4688-9372-03a8a172bb67: The system cannot find the path specified. (0x3)
[1209/121421.847:ERROR:filesystem_win.cc(129)] GetFileAttributes C:\Users\user\AppData\Local\Google\Chrome\User Data\Crashpad\attachments\b5f032e5-fc2c-4db4-a25f-f38a434e539d: The system cannot find the path specified. (0x3)
[1209/121421.860:ERROR:filesystem_win.cc(129)] GetFileAttributes C:\Users\user\AppData\Local\Google\Chrome\User Data\Crashpad\attachments\315d9f62-789e-4fc6-8201-eb54bf0a8b72: The system cannot find the path specified. (0x3)
[1209/121421.888:ERROR:filesystem_win.cc(129)] GetFileAttributes C:\Users\user\AppData\Local\Google\Chrome\User Data\Crashpad\attachments\bd6921a0-7d61-4af9-abf8-ce97bb968f2a: The system cannot find the path specified. (0x3)
[1209/121421.906:ERROR:filesystem_win.cc(129)] GetFileAttributes C:\Users\user\AppData\Local\Google\Chrome\User Data\Crashpad\attachments\b3e31c4a-35f5-4f6c-9ce7-9559e7ce3a35: The system cannot find the path specified. (0x3)
[1209/121421.928:ERROR:filesystem_win.cc(129)] GetFileAttributes C:\Users\user\AppData\Local\Google\Chrome\User Data\Crashpad\attachments\2f121676-2af2-45cb-836b-064947723dbb: The system cannot find the path specified. (0x3)
[1209/121421.939:ERROR:filesystem_win.cc(129)] GetFileAttributes C:\Users\user\AppData\Local\Google\Chrome\User Data\Crashpad\attachments\ee4b97f3-30fd-4f0f-beca-4ba11c0dbabf: The system cannot find the path specified. (0x3)
[1209/121421.958:ERROR:filesystem_win.cc(129)] GetFileAttributes C:\Users\user\AppData\Local\Google\Chrome\User Data\Crashpad\attachments\8e2de38d-7af2-4767-8d94-f98372430033: The system cannot find the path specified. (0x3)
[1209/121421.981:ERROR:filesystem_win.cc(129)] GetFileAttributes C:\Users\user\AppData\Local\Google\Chrome\User Data\Crashpad\attachments\18d19284-2bb8-498e-bba2-49ffa05d440f: The system cannot find the path specified. (0x3)
[1209/121422.007:ERROR:filesystem_win.cc(129)] GetFileAttributes C:\Users\user\AppData\Local\Google\Chrome\User Data\Crashpad\attachments\19834a43-1c21-42ae-8151-79cabf28fc8d: The system cannot find the path specified. (0x3)
[1209/121422.071:ERROR:filesystem_win.cc(129)] GetFileAttributes C:\Users\user\AppData\Local\Google\Chrome\User Data\Crashpad\attachments\1a58e0c5-d2c5-4f86-8865-d9a1527b9d2a: The system cannot find the path specified. (0x3)
[1209/121422.085:ERROR:filesystem_win.cc(129)] GetFileAttributes C:\Users\user\AppData\Local\Google\Chrome\User Data\Crashpad\attachments\85d11d23-7658-4423-92f3-1f424fcf3471: The system cannot find the path specified. (0x3)
[1209/121422.097:ERROR:filesystem_win.cc(129)] GetFileAttributes C:\Users\user\AppData\Local\Google\Chrome\User Data\Crashpad\attachments\0b9086de-13d6-4900-a790-9ae683974d4b: The system cannot find the path specified. (0x3)
[1209/121422.125:ERROR:filesystem_win.cc(129)] GetFileAttributes C:\Users\user\AppData\Local\Google\Chrome\User Data\Crashpad\attachments\a30ac7e2-c93d-4f90-8f12-418635d6d3e1: The system cannot find the path specified. (0x3)
[1209/121422.136:ERROR:filesystem_win.cc(129)] GetFileAttributes C:\Users\user\AppData\Local\Google\Chrome\User Data\Crashpad\attachments\8d8a767e-0fcb-4471-a3aa-f3be40d8cb39: The system cannot find the path specified. (0x3)
[1209/121422.147:ERROR:filesystem_win.cc(129)] GetFileAttributes C:\Users\user\AppData\Local\Google\Chrome\User Data\Crashpad\attachments\49f3e8a8-333c-4861-af9e-5c76e6f81c41: The system cannot find the path specified. (0x3)
[1209/121422.156:ERROR:filesystem_win.cc(129)] GetFileAttributes C:\Users\user\AppData\Local\Google\Chrome\User Data\Crashpad\attachments\facade5b-6eb4-4a8e-a2d7-65b22b486ea5: The system cannot find the path specified. (0x3)
[1209/121422.168:ERROR:filesystem_win.cc(129)] GetFileAttributes C:\Users\user\AppData\Local\Google\Chrome\User Data\Crashpad\attachments\a1168c58-293a-4a07-a969-1cbb5b58b681: The system cannot find the path specified. (0x3)
[1209/121422.179:ERROR:filesystem_win.cc(129)] GetFileAttributes C:\Users\user\AppData\Local\Google\Chrome\User Data\Crashpad\attachments\5dfe2f77-9198-4fa3-b69d-cf8f714d2ea3: The system cannot find the path specified. (0x3)
[1209/121422.188:ERROR:filesystem_win.cc(129)] GetFileAttributes C:\Users\user\AppData\Local\Google\Chrome\User Data\Crashpad\attachments\b9deb7ff-2ca2-4cb0-918c-c89ba9136141: The system cannot find the path specified. (0x3)
[1209/121422.205:ERROR:filesystem_win.cc(129)] GetFileAttributes C:\Users\user\AppData\Local\Google\Chrome\User Data\Crashpad\attachments\bd498ba3-7a2f-4f5c-85cd-907c9f727b1a: The system cannot find the path specified. (0x3)
[1209/121422.212:ERROR:filesystem_win.cc(129)] GetFileAttributes C:\Users\user\AppData\Local\Google\Chrome\User Data\Crashpad\attachments\b3f3c44a-6b23-4624-9f35-5fc8851995a7: The system cannot find the path specified. (0x3)
[1209/121422.221:ERROR:filesystem_win.cc(129)] GetFileAttributes C:\Users\user\AppData\Local\Google\Chrome\User Data\Crashpad\attachments\5481ffc2-4e5d-466f-956a-b093328cec91: The system cannot find the path specified. (0x3)
[1209/121422.230:ERROR:filesystem_win.cc(129)] GetFileAttributes C:\Users\user\AppData\Local\Google\Chrome\User Data\Crashpad\attachments\07237b3c-1919-4508-afb3-307fa575fb6f: The system cannot find the path specified. (0x3)
[1209/121422.242:ERROR:filesystem_win.cc(129)] GetFileAttributes C:\Users\user\AppData\Local\Google\Chrome\User Data\Crashpad\attachments\58c445d3-641a-489b-8517-7c548724cbb1: The system cannot find the path specified. (0x3)
[1209/121422.249:ERROR:filesystem_win.cc(129)] GetFileAttributes C:\Users\user\AppData\Local\Google\Chrome\User Data\Crashpad\attachments\91892156-c923-46d5-a4c8-8a86b8e87a53: The system cannot find the path specified. (0x3)
[1209/121422.256:ERROR:filesystem_win.cc(129)] GetFileAttributes C:\Users\user\AppData\Local\Google\Chrome\User Data\Crashpad\attachments\c26f6fa5-8ea2-437a-b550-eeea87d450f2: The system cannot find the path specified. (0x3)
[1209/121422.265:ERROR:filesystem_win.cc(129)] GetFileAttributes C:\Users\user\AppData\Local\Google\Chrome\User Data\Crashpad\attachments\ee4102ad-acfa-413b-b551-ab82431ef2d7: The system cannot find the path specified. (0x3)
[1209/121422.275:ERROR:filesystem_win.cc(129)] GetFileAttributes C:\Users\user\AppData\Local\Google\Chrome\User Data\Crashpad\attachments\90c64cc7-8691-4c63-b33c-6c3dafc718b8: The system cannot find the path specified. (0x3)
[1209/121422.282:ERROR:filesystem_win.cc(129)] GetFileAttributes C:\Users\user\AppData\Local\Google\Chrome\User Data\Crashpad\attachments\ee003d98-70c1-4007-ac3e-531114a55ec4: The system cannot find the path specified. (0x3)
[1209/121422.290:ERROR:filesystem_win.cc(129)] GetFileAttributes C:\Users\user\AppData\Local\Google\Chrome\User Data\Crashpad\attachments\f9d662f0-6807-4837-82c5-f62c44763fcb: The system cannot find the path specified. (0x3)
[1209/121422.297:ERROR:filesystem_win.cc(129)] GetFileAttributes C:\Users\user\AppData\Local\Google\Chrome\User Data\Crashpad\attachments\610ea5a0-6bac-44c3-b609-7b5a74341ac6: The system cannot find the path specified. (0x3)
[1209/121422.305:ERROR:filesystem_win.cc(129)] GetFileAttributes C:\Users\user\AppData\Local\Google\Chrome\User Data\Crashpad\attachments\708d7889-cb34-4312-9f3a-3fcc59f07a7e: The system cannot find the path specified. (0x3)
[1209/121422.316:ERROR:filesystem_win.cc(129)] GetFileAttributes C:\Users\user\AppData\Local\Google\Chrome\User Data\Crashpad\attachments\9288444c-de3b-415a-b7f8-c8a6cec90f01: The system cannot find the path specified. (0x3)
[1209/121422.324:ERROR:filesystem_win.cc(129)] GetFileAttributes C:\Users\user\AppData\Local\Google\Chrome\User Data\Crashpad\attachments\d792e55b-202d-4df7-ba77-04686de39bcb: The system cannot find the path specified. (0x3)
[1209/121422.331:ERROR:filesystem_win.cc(129)] GetFileAttributes C:\Users\user\AppData\Local\Google\Chrome\User Data\Crashpad\attachments\d9d1ea17-bb81-4c81-8ea9-53f6a3e8ce70: The system cannot find the path specified. (0x3)
[1209/121422.338:ERROR:filesystem_win.cc(129)] GetFileAttributes C:\Users\user\AppData\Local\Google\Chrome\User Data\Crashpad\attachments\ae702446-a5fd-4009-b37b-3e1f5c014c9a: The system cannot find the path specified. (0x3)
[1209/121422.356:ERROR:filesystem_win.cc(129)] GetFileAttributes C:\Users\user\AppData\Local\Google\Chrome\User Data\Crashpad\attachments\66b1d76a-e4c6-44ac-92d4-83de457870fb: The system cannot find the path specified. (0x3)
[1209/121422.363:ERROR:filesystem_win.cc(129)] GetFileAttributes C:\Users\user\AppData\Local\Google\Chrome\User Data\Crashpad\attachments\ac790791-d9cd-441a-9da7-be9c12ea9334: The system cannot find the path specified. (0x3)
[1209/121422.370:ERROR:filesystem_win.cc(129)] GetFileAttributes C:\Users\user\AppData\Local\Google\Chrome\User Data\Crashpad\attachments\b5b17fd8-31c3-4e63-9c07-4254922b5e00: The system cannot find the path specified. (0x3)
[1209/121422.378:ERROR:filesystem_win.cc(129)] GetFileAttributes C:\Users\user\AppData\Local\Google\Chrome\User Data\Crashpad\attachments\e968e444-3954-41d1-9eb7-0fca38a3d715: The system cannot find the path specified. (0x3)
[1210/091812.105:ERROR:directory_reader_win.cc(43)] FindFirstFile: The system cannot find the path specified. (0x3)
[1210/133906.905:ERROR:directory_reader_win.cc(43)] FindFirstFile: The system cannot find the path specified. (0x3)
[1211/162743.838:ERROR:directory_reader_win.cc(43)] FindFirstFile: The system cannot find the path specified. (0x3)
[1212/113814.895:ERROR:directory_reader_win.cc(43)] FindFirstFile: The system cannot find the path specified. (0x3)
[1222/200505.453:ERROR:directory_reader_win.cc(43)] FindFirstFile: The system cannot find the path specified. (0x3)
